\BOOKMARK [1][-]{section.1}{Introduction}{}% 1
\BOOKMARK [1][-]{section.2}{Fractional Brownian motion}{}% 2
\BOOKMARK [1][-]{section.3}{Estimating the roughness of volatility}{}% 3
\BOOKMARK [2][-]{subsection.3.1}{Instantaneous volatility and realized volatility}{section.3}% 4
\BOOKMARK [2][-]{subsection.3.2}{Roughness index estimator via p-th variation}{section.3}% 5
\BOOKMARK [3][-]{subsubsection.3.2.1}{Estimating the roughness from discrete observations}{subsection.3.2}% 6
\BOOKMARK [3][-]{subsubsection.3.2.2}{Sample behaviour of H"0362HL,K}{subsection.3.2}% 7
\BOOKMARK [2][-]{subsection.3.3}{Roughness estimator via logarithmic regression}{section.3}% 8
\BOOKMARK [2][-]{subsection.3.4}{The sequential scale estimator}{section.3}% 9
\BOOKMARK [3][-]{subsubsection.3.4.1}{Sequential scale estimate from realized variance}{subsection.3.4}% 10
\BOOKMARK [3][-]{subsubsection.3.4.2}{Sample behaviour of ns and n}{subsection.3.4}% 11
\BOOKMARK [1][-]{section.4}{Numerical Experiments}{}% 12
\BOOKMARK [2][-]{subsection.4.1}{Simple stochastic volatility diffusion model}{section.4}% 13
\BOOKMARK [2][-]{subsection.4.2}{OU-SV model}{section.4}% 14
\BOOKMARK [2][-]{subsection.4.3}{A fractional Ornstein-Uhlenbeck model}{section.4}% 15
\BOOKMARK [2][-]{subsection.4.4}{RFSV model}{section.4}% 16
\BOOKMARK [1][-]{section.5}{Conclusion}{}% 17
\BOOKMARK [1][-]{section.6}{Appendix}{}% 18
\BOOKMARK [2][-]{subsection.6.1}{Simulation of fractional Brownian motion}{section.6}% 19
\BOOKMARK [3][-]{subsubsection.6.1.1}{Proof of Fourier transform in spectral method}{subsection.6.1}% 20
\BOOKMARK [2][-]{subsection.6.2}{R code}{section.6}% 21
\BOOKMARK [1][-]{subsection.6.2}{References}{}% 22
